<!--
/**
 * Copyright (c) Codice Foundation
 *
 * This is free software: you can redistribute it and/or modify it under the terms of the GNU Lesser General Public License as published by the Free Software Foundation, either
 * version 3 of the License, or any later version.
 *
 * This program is distributed in the hope that it will be useful, but WITHOUT ANY WARRANTY; without even the implied warranty of MERCHANTABILITY or FITNESS FOR A PARTICULAR PURPOSE.
 * See the GNU Lesser General Public License for more details. A copy of the GNU Lesser General Public License is distributed along with this program and can be found at
 * <http://www.gnu.org/licenses/lgpl.html>.
 *
 **/
 -->
<features name="test-app2-1.0.0">

    <feature name="main-feature2" install="auto" version="1.0.2" description="Main Feature 2 Test">
        <feature>main-feature</feature>
        <bundle>mvn:org.codice.test/codice.test.bundle1/1.0.0</bundle>
    </feature>


</features>
