<!--
/**
 * Copyright (c) Codice Foundation
 *
 * This is free software: you can redistribute it and/or modify it under the terms of the GNU Lesser General Public License as published by the Free Software Foundation, either
 * version 3 of the License, or any later version.
 *
 * This program is distributed in the hope that it will be useful, but WITHOUT ANY WARRANTY; without even the implied warranty of MERCHANTABILITY or FITNESS FOR A PARTICULAR PURPOSE.
 * See the GNU Lesser General Public License for more details. A copy of the GNU Lesser General Public License is distributed along with this program and can be found at
 * <http://www.gnu.org/licenses/lgpl.html>.
 *
 **/
 -->
<features name="test-app-1.0.0">

    <feature name="test-feature-1" install="manual" version="1.0.0" description="Test Feature 1">
        <bundle>mvn:org.codice.test/codice.test.bundle1/1.0.0</bundle>
        <bundle>mvn:org.codice.test/codice.test.bundle2/2.0.0</bundle>
    </feature>

    <feature name="test-feature-2" install="manual" version="1.0.0" description="Test Feature 2">
        <bundle>mvn:org.codice.test/codice.test.bundle1/1.0.0</bundle>
        <bundle>mvn:org.codice.test/codice.test.bundle3/3.0.0</bundle>
        <bundle>mvn:org.codice.test/codice.test.bundle4/1.0.0</bundle>
    </feature>

    <feature name="main-feature" install="auto" version="1.0.1" description="Main Feature Test">
        <feature>test-feature-1</feature>
        <feature>test-feature-2</feature>
    </feature>

</features>
