<?xml version="1.0" encoding="UTF-8"?>
<!--
/**
 * Copyright (c) Codice Foundation
 *
 * This is free software: you can redistribute it and/or modify it under the terms of the GNU Lesser General Public License as published by the Free Software Foundation, either
 * version 3 of the License, or any later version. 
 *
 * This program is distributed in the hope that it will be useful, but WITHOUT ANY WARRANTY; without even the implied warranty of MERCHANTABILITY or FITNESS FOR A PARTICULAR PURPOSE.
 * See the GNU Lesser General Public License for more details. A copy of the GNU Lesser General Public License is distributed along with this program and can be found at
 * <http://www.gnu.org/licenses/lgpl.html>.
 *
 **/
-->
<Policy xmlns="urn:oasis:names:tc:xacml:3.0:core:schema:wd-17" PolicyId="xpath-target-single-req"
        RuleCombiningAlgId="urn:oasis:names:tc:xacml:3.0:rule-combining-algorithm:permit-overrides"
        Version="1.0">
  <PolicyDefaults>
    <XPathVersion>http://www.w3.org/TR/1999/REC-xpath-19991116</XPathVersion>
  </PolicyDefaults>
  <Target>
    <AnyOf>
      <AllOf>
        <Match MatchId="urn:oasis:names:tc:xacml:1.0:function:string-equal">
          <AttributeValue DataType="http://www.w3.org/2001/XMLSchema#string">read</AttributeValue>
          <AttributeDesignator AttributeId="urn:oasis:names:tc:xacml:1.0:action:action-id"
                               Category="urn:oasis:names:tc:xacml:3.0:attribute-category:action"
                               DataType="http://www.w3.org/2001/XMLSchema#string"
                               MustBePresent="true"/>
        </Match>
      </AllOf>
      <AllOf>
        <Match MatchId="urn:oasis:names:tc:xacml:1.0:function:string-equal">
          <AttributeValue DataType="http://www.w3.org/2001/XMLSchema#string">query</AttributeValue>
          <AttributeDesignator AttributeId="urn:oasis:names:tc:xacml:1.0:action:action-id"
                               Category="urn:oasis:names:tc:xacml:3.0:attribute-category:action"
                               DataType="http://www.w3.org/2001/XMLSchema#string"
                               MustBePresent="true"/>
        </Match>
      </AllOf>
      <AllOf>
        <Match MatchId="urn:oasis:names:tc:xacml:1.0:function:string-equal">
          <AttributeValue
                  DataType="http://www.w3.org/2001/XMLSchema#string">LocalSiteName</AttributeValue>
          <AttributeDesignator AttributeId="urn:oasis:names:tc:xacml:1.0:action:action-id"
                               Category="urn:oasis:names:tc:xacml:3.0:attribute-category:action"
                               DataType="http://www.w3.org/2001/XMLSchema#string"
                               MustBePresent="true"/>
        </Match>
      </AllOf>
    </AnyOf>
  </Target>
  <Rule Effect="Permit" RuleId="permit-filter">
    <Target>
      <AnyOf>
        <AllOf>
          <Match MatchId="urn:oasis:names:tc:xacml:1.0:function:string-equal">
            <AttributeValue
                    DataType="http://www.w3.org/2001/XMLSchema#string">read</AttributeValue>
            <AttributeDesignator AttributeId="urn:oasis:names:tc:xacml:1.0:action:action-id"
                                 Category="urn:oasis:names:tc:xacml:3.0:attribute-category:action"
                                 DataType="http://www.w3.org/2001/XMLSchema#string"
                                 MustBePresent="true"/>
          </Match>
        </AllOf>
      </AnyOf>
    </Target>
    <Condition>
      <Apply FunctionId="urn:oasis:names:tc:xacml:1.0:function:string-subset">
        <AttributeDesignator AttributeId="RESOURCE_ACCESS"
                             Category="urn:oasis:names:tc:xacml:3.0:attribute-category:resource"
                             DataType="http://www.w3.org/2001/XMLSchema#string"
                             MustBePresent="true"/>
        <AttributeDesignator AttributeId="SUBJECT_ACCESS"
                             Category="urn:oasis:names:tc:xacml:1.0:subject-category:access-subject"
                             DataType="http://www.w3.org/2001/XMLSchema#string"
                             MustBePresent="true"/>
      </Apply>
    </Condition>
  </Rule>
  <Rule Effect="Permit" RuleId="permit-action">
    <Target>
      <AnyOf>
        <AllOf>
          <Match MatchId="urn:oasis:names:tc:xacml:1.0:function:string-equal">
            <AttributeValue DataType="http://www.w3.org/2001/XMLSchema#string">ATA</AttributeValue>
            <AttributeDesignator AttributeId="http://www.opm.gov/feddata/CountryOfCitizenship"
                                 Category="urn:oasis:names:tc:xacml:1.0:subject-category:access-subject"
                                 DataType="http://www.w3.org/2001/XMLSchema#string"
                                 MustBePresent="false"/>
          </Match>
          <Match MatchId="urn:oasis:names:tc:xacml:1.0:function:string-equal">
            <AttributeValue
                    DataType="http://www.w3.org/2001/XMLSchema#string">query</AttributeValue>
            <AttributeDesignator AttributeId="urn:oasis:names:tc:xacml:1.0:action:action-id"
                                 Category="urn:oasis:names:tc:xacml:3.0:attribute-category:action"
                                 DataType="http://www.w3.org/2001/XMLSchema#string"
                                 MustBePresent="false"/>
          </Match>
        </AllOf>
        <AllOf>
          <Match MatchId="urn:oasis:names:tc:xacml:1.0:function:string-equal">
            <AttributeValue
                    DataType="http://www.w3.org/2001/XMLSchema#string">LocalSiteName</AttributeValue>
            <AttributeDesignator AttributeId="urn:oasis:names:tc:xacml:1.0:action:action-id"
                                 Category="urn:oasis:names:tc:xacml:3.0:attribute-category:action"
                                 DataType="http://www.w3.org/2001/XMLSchema#string"
                                 MustBePresent="false"/>
          </Match>
        </AllOf>
      </AnyOf>
    </Target>
  </Rule>
  <Rule Effect="Deny" RuleId="deny-read"/>
</Policy>